<?xml version="1.0" encoding="UTF-8"?>
<testsuite name="com.kbstar.springboot.study.web.PostsApiControllerTest" tests="2" skipped="0" failures="0" errors="0" timestamp="2022-04-22T05:35:02" hostname="M506INS" time="0.404">
  <properties/>
  <testcase name="postsRegistTest()" classname="com.kbstar.springboot.study.web.PostsApiControllerTest" time="0.384"/>
  <testcase name="postsUpdateTest()" classname="com.kbstar.springboot.study.web.PostsApiControllerTest" time="0.019"/>
  <system-out><![CDATA[14:34:59.579 [Test worker] DEBUG org.springframework.test.context.BootstrapUtils - Instantiating CacheAwareContextLoaderDelegate from class [org.springframework.test.context.cache.DefaultCacheAwareContextLoaderDelegate]
14:34:59.588 [Test worker] DEBUG org.springframework.test.context.BootstrapUtils - Instantiating BootstrapContext using constructor [public org.springframework.test.context.support.DefaultBootstrapContext(java.lang.Class,org.springframework.test.context.CacheAwareContextLoaderDelegate)]
14:34:59.611 [Test worker] DEBUG org.springframework.test.context.BootstrapUtils - Instantiating TestContextBootstrapper for test class [com.kbstar.springboot.study.web.PostsApiControllerTest] from class [org.springframework.boot.test.context.SpringBootTestContextBootstrapper]
14:34:59.619 [Test worker] INFO org.springframework.boot.test.context.SpringBootTestContextBootstrapper - Neither @ContextConfiguration nor @ContextHierarchy found for test class [com.kbstar.springboot.study.web.PostsApiControllerTest], using SpringBootContextLoader
14:34:59.621 [Test worker] DEBUG org.springframework.test.context.support.AbstractContextLoader - Did not detect default resource location for test class [com.kbstar.springboot.study.web.PostsApiControllerTest]: class path resource [com/kbstar/springboot/study/web/PostsApiControllerTest-context.xml] does not exist
14:34:59.622 [Test worker] DEBUG org.springframework.test.context.support.AbstractContextLoader - Did not detect default resource location for test class [com.kbstar.springboot.study.web.PostsApiControllerTest]: class path resource [com/kbstar/springboot/study/web/PostsApiControllerTestContext.groovy] does not exist
14:34:59.622 [Test worker] INFO org.springframework.test.context.support.AbstractContextLoader - Could not detect default resource locations for test class [com.kbstar.springboot.study.web.PostsApiControllerTest]: no resource found for suffixes {-context.xml, Context.groovy}.
14:34:59.622 [Test worker] INFO org.springframework.test.context.support.AnnotationConfigContextLoaderUtils - Could not detect default configuration classes for test class [com.kbstar.springboot.study.web.PostsApiControllerTest]: PostsApiControllerTest does not declare any static, non-private, non-final, nested classes annotated with @Configuration.
14:34:59.654 [Test worker] DEBUG org.springframework.test.context.support.ActiveProfilesUtils - Could not find an 'annotation declaring class' for annotation type [org.springframework.test.context.ActiveProfiles] and class [com.kbstar.springboot.study.web.PostsApiControllerTest]
14:34:59.711 [Test worker] DEBUG org.springframework.context.annotation.ClassPathScanningCandidateComponentProvider - Identified candidate component class: file [C:\Users\student\IdeaProjects\ｓｔｕｄｙ\build\classes\java\main\com\kbstar\springboot\study\Application.class]
14:34:59.711 [Test worker] INFO org.springframework.boot.test.context.SpringBootTestContextBootstrapper - Found @SpringBootConfiguration com.kbstar.springboot.study.Application for test class com.kbstar.springboot.study.web.PostsApiControllerTest
14:34:59.791 [Test worker] DEBUG org.springframework.boot.test.context.SpringBootTestContextBootstrapper - @TestExecutionListeners is not present for class [com.kbstar.springboot.study.web.PostsApiControllerTest]: using defaults.
14:34:59.792 [Test worker] INFO org.springframework.boot.test.context.SpringBootTestContextBootstrapper - Loaded default TestExecutionListener class names from location [META-INF/spring.factories]: [org.springframework.boot.test.autoconfigure.restdocs.RestDocsTestExecutionListener, org.springframework.boot.test.autoconfigure.web.client.MockRestServiceServerResetTestExecutionListener, org.springframework.boot.test.autoconfigure.web.servlet.MockMvcPrintOnlyOnFailureTestExecutionListener, org.springframework.boot.test.autoconfigure.web.servlet.WebDriverTestExecutionListener, org.springframework.boot.test.autoconfigure.webservices.client.MockWebServiceServerTestExecutionListener, org.springframework.boot.test.mock.mockito.MockitoTestExecutionListener, org.springframework.boot.test.mock.mockito.ResetMocksTestExecutionListener, org.springframework.test.context.web.ServletTestExecutionListener, org.springframework.test.context.support.DirtiesContextBeforeModesTestExecutionListener, org.springframework.test.context.support.DependencyInjectionTestExecutionListener, org.springframework.test.context.support.DirtiesContextTestExecutionListener, org.springframework.test.context.transaction.TransactionalTestExecutionListener, org.springframework.test.context.jdbc.SqlScriptsTestExecutionListener, org.springframework.test.context.event.EventPublishingTestExecutionListener]
14:34:59.807 [Test worker] INFO org.springframework.boot.test.context.SpringBootTestContextBootstrapper - Using TestExecutionListeners: [org.springframework.test.context.web.ServletTestExecutionListener@33f844fb, org.springframework.test.context.support.DirtiesContextBeforeModesTestExecutionListener@4042214b, org.springframework.boot.test.mock.mockito.MockitoTestExecutionListener@18d8a7a, org.springframework.boot.test.autoconfigure.SpringBootDependencyInjectionTestExecutionListener@4e8cb6f, org.springframework.test.context.support.DirtiesContextTestExecutionListener@75c69895, org.springframework.test.context.transaction.TransactionalTestExecutionListener@245fa71f, org.springframework.test.context.jdbc.SqlScriptsTestExecutionListener@496c37b4, org.springframework.test.context.event.EventPublishingTestExecutionListener@b1d3e45, org.springframework.boot.test.autoconfigure.restdocs.RestDocsTestExecutionListener@4a5e1d83, org.springframework.boot.test.autoconfigure.web.client.MockRestServiceServerResetTestExecutionListener@13603c88, org.springframework.boot.test.autoconfigure.web.servlet.MockMvcPrintOnlyOnFailureTestExecutionListener@3b9968c7, org.springframework.boot.test.autoconfigure.web.servlet.WebDriverTestExecutionListener@591486e7, org.springframework.boot.test.autoconfigure.webservices.client.MockWebServiceServerTestExecutionListener@639c2a43, org.springframework.boot.test.mock.mockito.ResetMocksTestExecutionListener@718acec4]
14:34:59.809 [Test worker] DEBUG org.springframework.test.context.support.AbstractDirtiesContextTestExecutionListener - Before test class: context [DefaultTestContext@14b370f9 testClass = PostsApiControllerTest, testInstance = [null], testMethod = [null], testException = [null], mergedContextConfiguration = [WebMergedContextConfiguration@6dc0e1ff testClass = PostsApiControllerTest, locations = '{}', classes = '{class com.kbstar.springboot.study.Application}', contextInitializerClasses = '[]', activeProfiles = '{}', propertySourceLocations = '{}', propertySourceProperties = '{org.springframework.boot.test.context.SpringBootTestContextBootstrapper=true, server.port=0}', contextCustomizers = set[org.springframework.boot.test.autoconfigure.actuate.metrics.MetricsExportContextCustomizerFactory$DisableMetricExportContextCustomizer@73b0f1, org.springframework.boot.test.autoconfigure.properties.PropertyMappingContextCustomizer@0, org.springframework.boot.test.autoconfigure.web.servlet.WebDriverContextCustomizerFactory$Customizer@31a0f9d0, org.springframework.boot.test.context.filter.ExcludeFilterContextCustomizer@5b564e02, org.springframework.boot.test.json.DuplicateJsonObjectContextCustomizerFactory$DuplicateJsonObjectContextCustomizer@663ecfaa, org.springframework.boot.test.mock.mockito.MockitoContextCustomizer@0, org.springframework.boot.test.web.client.TestRestTemplateContextCustomizer@5254cefe, org.springframework.boot.test.context.SpringBootTestArgs@1, org.springframework.boot.test.context.SpringBootTestWebEnvironment@5e9a8417], resourceBasePath = 'src/main/webapp', contextLoader = 'org.springframework.boot.test.context.SpringBootContextLoader', parent = [null]], attributes = map['org.springframework.test.context.web.ServletTestExecutionListener.activateListener' -> false]], class annotated with @DirtiesContext [false] with mode [null].
14:34:59.818 [Test worker] DEBUG org.springframework.test.context.support.DependencyInjectionTestExecutionListener - Performing dependency injection for test context [[DefaultTestContext@14b370f9 testClass = PostsApiControllerTest, testInstance = com.kbstar.springboot.study.web.PostsApiControllerTest@7db0d867, testMethod = [null], testException = [null], mergedContextConfiguration = [WebMergedContextConfiguration@6dc0e1ff testClass = PostsApiControllerTest, locations = '{}', classes = '{class com.kbstar.springboot.study.Application}', contextInitializerClasses = '[]', activeProfiles = '{}', propertySourceLocations = '{}', propertySourceProperties = '{org.springframework.boot.test.context.SpringBootTestContextBootstrapper=true, server.port=0}', contextCustomizers = set[org.springframework.boot.test.autoconfigure.actuate.metrics.MetricsExportContextCustomizerFactory$DisableMetricExportContextCustomizer@73b0f1, org.springframework.boot.test.autoconfigure.properties.PropertyMappingContextCustomizer@0, org.springframework.boot.test.autoconfigure.web.servlet.WebDriverContextCustomizerFactory$Customizer@31a0f9d0, org.springframework.boot.test.context.filter.ExcludeFilterContextCustomizer@5b564e02, org.springframework.boot.test.json.DuplicateJsonObjectContextCustomizerFactory$DuplicateJsonObjectContextCustomizer@663ecfaa, org.springframework.boot.test.mock.mockito.MockitoContextCustomizer@0, org.springframework.boot.test.web.client.TestRestTemplateContextCustomizer@5254cefe, org.springframework.boot.test.context.SpringBootTestArgs@1, org.springframework.boot.test.context.SpringBootTestWebEnvironment@5e9a8417], resourceBasePath = 'src/main/webapp', contextLoader = 'org.springframework.boot.test.context.SpringBootContextLoader', parent = [null]], attributes = map['org.springframework.test.context.web.ServletTestExecutionListener.activateListener' -> false]]].
14:34:59.836 [Test worker] DEBUG org.springframework.test.context.support.TestPropertySourceUtils - Adding inlined properties to environment: {spring.jmx.enabled=false, org.springframework.boot.test.context.SpringBootTestContextBootstrapper=true, server.port=0}

  .   ____          _            __ _ _
 /\\ / ___'_ __ _ _(_)_ __  __ _ \ \ \ \
( ( )\___ | '_ | '_| | '_ \/ _` | \ \ \ \
 \\/  ___)| |_)| | | | | || (_| |  ) ) ) )
  '  |____| .__|_| |_|_| |_\__, | / / / /
 =========|_|==============|___/=/_/_/_/
 :: Spring Boot ::                (v2.4.1)

2022-04-22 14:35:00.045  INFO 3816 --- [    Test worker] c.k.s.study.web.PostsApiControllerTest   : Starting PostsApiControllerTest using Java 1.8.0_322 on M506INS with PID 3816 (started by student in C:\Users\student\IdeaProjects\ｓｔｕｄｙ)
2022-04-22 14:35:00.047  INFO 3816 --- [    Test worker] c.k.s.study.web.PostsApiControllerTest   : No active profile set, falling back to default profiles: default
2022-04-22 14:35:00.399  INFO 3816 --- [    Test worker] .s.d.r.c.RepositoryConfigurationDelegate : Bootstrapping Spring Data JPA repositories in DEFAULT mode.
2022-04-22 14:35:00.435  INFO 3816 --- [    Test worker] .s.d.r.c.RepositoryConfigurationDelegate : Finished Spring Data repository scanning in 31 ms. Found 1 JPA repository interfaces.
2022-04-22 14:35:00.906  INFO 3816 --- [    Test worker] o.s.b.w.embedded.tomcat.TomcatWebServer  : Tomcat initialized with port(s): 0 (http)
2022-04-22 14:35:00.916  INFO 3816 --- [    Test worker] o.apache.catalina.core.StandardService   : Starting service [Tomcat]
2022-04-22 14:35:00.917  INFO 3816 --- [    Test worker] org.apache.catalina.core.StandardEngine  : Starting Servlet engine: [Apache Tomcat/9.0.41]
2022-04-22 14:35:00.976  INFO 3816 --- [    Test worker] o.a.c.c.C.[Tomcat].[localhost].[/]       : Initializing Spring embedded WebApplicationContext
2022-04-22 14:35:00.977  INFO 3816 --- [    Test worker] w.s.c.ServletWebServerApplicationContext : Root WebApplicationContext: initialization completed in 914 ms
2022-04-22 14:35:01.139  INFO 3816 --- [    Test worker] com.zaxxer.hikari.HikariDataSource       : HikariPool-1 - Starting...
2022-04-22 14:35:01.261  INFO 3816 --- [    Test worker] com.zaxxer.hikari.HikariDataSource       : HikariPool-1 - Start completed.
2022-04-22 14:35:01.306  INFO 3816 --- [    Test worker] o.hibernate.jpa.internal.util.LogHelper  : HHH000204: Processing PersistenceUnitInfo [name: default]
2022-04-22 14:35:01.346  INFO 3816 --- [    Test worker] org.hibernate.Version                    : HHH000412: Hibernate ORM core version 5.4.25.Final
2022-04-22 14:35:01.462  INFO 3816 --- [    Test worker] o.hibernate.annotations.common.Version   : HCANN000001: Hibernate Commons Annotations {5.1.2.Final}
2022-04-22 14:35:01.547  INFO 3816 --- [    Test worker] org.hibernate.dialect.Dialect            : HHH000400: Using dialect: org.hibernate.dialect.MySQL57Dialect
Hibernate: drop table if exists posts
Hibernate: create table posts (id bigint not null auto_increment, author varchar(255), content TEXT not null, title varchar(500) not null, primary key (id)) engine=InnoDB
2022-04-22 14:35:01.952  INFO 3816 --- [    Test worker] o.h.e.t.j.p.i.JtaPlatformInitiator       : HHH000490: Using JtaPlatform implementation: [org.hibernate.engine.transaction.jta.platform.internal.NoJtaPlatform]
2022-04-22 14:35:01.958  INFO 3816 --- [    Test worker] j.LocalContainerEntityManagerFactoryBean : Initialized JPA EntityManagerFactory for persistence unit 'default'
2022-04-22 14:35:02.206  WARN 3816 --- [    Test worker] JpaBaseConfiguration$JpaWebConfiguration : spring.jpa.open-in-view is enabled by default. Therefore, database queries may be performed during view rendering. Explicitly configure spring.jpa.open-in-view to disable this warning
2022-04-22 14:35:02.354  INFO 3816 --- [    Test worker] o.s.s.concurrent.ThreadPoolTaskExecutor  : Initializing ExecutorService 'applicationTaskExecutor'
2022-04-22 14:35:02.581  WARN 3816 --- [    Test worker] o.s.b.a.m.MustacheAutoConfiguration      : Cannot find template location: classpath:/templates/ (please add some templates, check your Mustache configuration, or set spring.mustache.check-template-location=false)
2022-04-22 14:35:02.691  INFO 3816 --- [    Test worker] o.s.b.w.embedded.tomcat.TomcatWebServer  : Tomcat started on port(s): 57776 (http) with context path ''
2022-04-22 14:35:02.696  INFO 3816 --- [    Test worker] c.k.s.study.web.PostsApiControllerTest   : Started PostsApiControllerTest in 2.857 seconds (JVM running for 3.704)
-------------- requestDto.title = test title
-------------- dto title = test title
------------------- port : 57776
2022-04-22 14:35:02.838  INFO 3816 --- [o-auto-1-exec-1] o.a.c.c.C.[Tomcat].[localhost].[/]       : Initializing Spring DispatcherServlet 'dispatcherServlet'
2022-04-22 14:35:02.838  INFO 3816 --- [o-auto-1-exec-1] o.s.web.servlet.DispatcherServlet        : Initializing Servlet 'dispatcherServlet'
2022-04-22 14:35:02.839  INFO 3816 --- [o-auto-1-exec-1] o.s.web.servlet.DispatcherServlet        : Completed initialization in 1 ms
-------------- Controller -> Service
requestDto.title = test title
------------------ Post Service
title = test title
content = test content
author = test author
Hibernate: insert into posts (author, content, title) values (?, ?, ?)
Hibernate: select posts0_.id as id1_0_, posts0_.author as author2_0_, posts0_.content as content3_0_, posts0_.title as title4_0_ from posts posts0_
Hibernate: select posts0_.id as id1_0_, posts0_.author as author2_0_, posts0_.content as content3_0_, posts0_.title as title4_0_ from posts posts0_
Hibernate: delete from posts where id=?
Hibernate: insert into posts (author, content, title) values (?, ?, ?)
Hibernate: select posts0_.id as id1_0_0_, posts0_.author as author2_0_0_, posts0_.content as content3_0_0_, posts0_.title as title4_0_0_ from posts posts0_ where posts0_.id=?
Hibernate: update posts set author=?, content=?, title=? where id=?
Hibernate: select posts0_.id as id1_0_, posts0_.author as author2_0_, posts0_.content as content3_0_, posts0_.title as title4_0_ from posts posts0_
Hibernate: select posts0_.id as id1_0_, posts0_.author as author2_0_, posts0_.content as content3_0_, posts0_.title as title4_0_ from posts posts0_
Hibernate: delete from posts where id=?
]]></system-out>
  <system-err><![CDATA[]]></system-err>
</testsuite>
