<?xml version="1.0" encoding="UTF-8"?>
<testsuite name="com.kbstar.springboot.study.web.PostsApiControllerTest" tests="1" skipped="0" failures="0" errors="0" timestamp="2022-04-22T02:26:47" hostname="M506INS" time="0.394">
  <properties/>
  <testcase name="postsRegistTest()" classname="com.kbstar.springboot.study.web.PostsApiControllerTest" time="0.394"/>
  <system-out><![CDATA[11:26:43.853 [Test worker] DEBUG org.springframework.test.context.BootstrapUtils - Instantiating CacheAwareContextLoaderDelegate from class [org.springframework.test.context.cache.DefaultCacheAwareContextLoaderDelegate]
11:26:43.862 [Test worker] DEBUG org.springframework.test.context.BootstrapUtils - Instantiating BootstrapContext using constructor [public org.springframework.test.context.support.DefaultBootstrapContext(java.lang.Class,org.springframework.test.context.CacheAwareContextLoaderDelegate)]
11:26:43.886 [Test worker] DEBUG org.springframework.test.context.BootstrapUtils - Instantiating TestContextBootstrapper for test class [com.kbstar.springboot.study.web.PostsApiControllerTest] from class [org.springframework.boot.test.context.SpringBootTestContextBootstrapper]
11:26:43.894 [Test worker] INFO org.springframework.boot.test.context.SpringBootTestContextBootstrapper - Neither @ContextConfiguration nor @ContextHierarchy found for test class [com.kbstar.springboot.study.web.PostsApiControllerTest], using SpringBootContextLoader
11:26:43.897 [Test worker] DEBUG org.springframework.test.context.support.AbstractContextLoader - Did not detect default resource location for test class [com.kbstar.springboot.study.web.PostsApiControllerTest]: class path resource [com/kbstar/springboot/study/web/PostsApiControllerTest-context.xml] does not exist
11:26:43.897 [Test worker] DEBUG org.springframework.test.context.support.AbstractContextLoader - Did not detect default resource location for test class [com.kbstar.springboot.study.web.PostsApiControllerTest]: class path resource [com/kbstar/springboot/study/web/PostsApiControllerTestContext.groovy] does not exist
11:26:43.897 [Test worker] INFO org.springframework.test.context.support.AbstractContextLoader - Could not detect default resource locations for test class [com.kbstar.springboot.study.web.PostsApiControllerTest]: no resource found for suffixes {-context.xml, Context.groovy}.
11:26:43.898 [Test worker] INFO org.springframework.test.context.support.AnnotationConfigContextLoaderUtils - Could not detect default configuration classes for test class [com.kbstar.springboot.study.web.PostsApiControllerTest]: PostsApiControllerTest does not declare any static, non-private, non-final, nested classes annotated with @Configuration.
11:26:43.928 [Test worker] DEBUG org.springframework.test.context.support.ActiveProfilesUtils - Could not find an 'annotation declaring class' for annotation type [org.springframework.test.context.ActiveProfiles] and class [com.kbstar.springboot.study.web.PostsApiControllerTest]
11:26:43.983 [Test worker] DEBUG org.springframework.context.annotation.ClassPathScanningCandidateComponentProvider - Identified candidate component class: file [C:\Users\student\IdeaProjects\ｓｔｕｄｙ\build\classes\java\main\com\kbstar\springboot\study\Application.class]
11:26:43.984 [Test worker] INFO org.springframework.boot.test.context.SpringBootTestContextBootstrapper - Found @SpringBootConfiguration com.kbstar.springboot.study.Application for test class com.kbstar.springboot.study.web.PostsApiControllerTest
11:26:44.053 [Test worker] DEBUG org.springframework.boot.test.context.SpringBootTestContextBootstrapper - @TestExecutionListeners is not present for class [com.kbstar.springboot.study.web.PostsApiControllerTest]: using defaults.
11:26:44.054 [Test worker] INFO org.springframework.boot.test.context.SpringBootTestContextBootstrapper - Loaded default TestExecutionListener class names from location [META-INF/spring.factories]: [org.springframework.boot.test.autoconfigure.restdocs.RestDocsTestExecutionListener, org.springframework.boot.test.autoconfigure.web.client.MockRestServiceServerResetTestExecutionListener, org.springframework.boot.test.autoconfigure.web.servlet.MockMvcPrintOnlyOnFailureTestExecutionListener, org.springframework.boot.test.autoconfigure.web.servlet.WebDriverTestExecutionListener, org.springframework.boot.test.autoconfigure.webservices.client.MockWebServiceServerTestExecutionListener, org.springframework.boot.test.mock.mockito.MockitoTestExecutionListener, org.springframework.boot.test.mock.mockito.ResetMocksTestExecutionListener, org.springframework.test.context.web.ServletTestExecutionListener, org.springframework.test.context.support.DirtiesContextBeforeModesTestExecutionListener, org.springframework.test.context.support.DependencyInjectionTestExecutionListener, org.springframework.test.context.support.DirtiesContextTestExecutionListener, org.springframework.test.context.transaction.TransactionalTestExecutionListener, org.springframework.test.context.jdbc.SqlScriptsTestExecutionListener, org.springframework.test.context.event.EventPublishingTestExecutionListener]
11:26:44.066 [Test worker] INFO org.springframework.boot.test.context.SpringBootTestContextBootstrapper - Using TestExecutionListeners: [org.springframework.test.context.web.ServletTestExecutionListener@644b1258, org.springframework.test.context.support.DirtiesContextBeforeModesTestExecutionListener@10ce3943, org.springframework.boot.test.mock.mockito.MockitoTestExecutionListener@66ee11c9, org.springframework.boot.test.autoconfigure.SpringBootDependencyInjectionTestExecutionListener@1b0661e, org.springframework.test.context.support.DirtiesContextTestExecutionListener@3dd56da2, org.springframework.test.context.transaction.TransactionalTestExecutionListener@5c305f7a, org.springframework.test.context.jdbc.SqlScriptsTestExecutionListener@4ac66d6c, org.springframework.test.context.event.EventPublishingTestExecutionListener@48c462bc, org.springframework.boot.test.autoconfigure.restdocs.RestDocsTestExecutionListener@5e6aae7b, org.springframework.boot.test.autoconfigure.web.client.MockRestServiceServerResetTestExecutionListener@7fe143, org.springframework.boot.test.autoconfigure.web.servlet.MockMvcPrintOnlyOnFailureTestExecutionListener@792b512d, org.springframework.boot.test.autoconfigure.web.servlet.WebDriverTestExecutionListener@12910d36, org.springframework.boot.test.autoconfigure.webservices.client.MockWebServiceServerTestExecutionListener@19836069, org.springframework.boot.test.mock.mockito.ResetMocksTestExecutionListener@6689efe3]
11:26:44.069 [Test worker] DEBUG org.springframework.test.context.support.AbstractDirtiesContextTestExecutionListener - Before test class: context [DefaultTestContext@21f3b204 testClass = PostsApiControllerTest, testInstance = [null], testMethod = [null], testException = [null], mergedContextConfiguration = [WebMergedContextConfiguration@1fb3d0cd testClass = PostsApiControllerTest, locations = '{}', classes = '{class com.kbstar.springboot.study.Application}', contextInitializerClasses = '[]', activeProfiles = '{}', propertySourceLocations = '{}', propertySourceProperties = '{org.springframework.boot.test.context.SpringBootTestContextBootstrapper=true, server.port=0}', contextCustomizers = set[org.springframework.boot.test.autoconfigure.actuate.metrics.MetricsExportContextCustomizerFactory$DisableMetricExportContextCustomizer@38fabdfb, org.springframework.boot.test.autoconfigure.properties.PropertyMappingContextCustomizer@0, org.springframework.boot.test.autoconfigure.web.servlet.WebDriverContextCustomizerFactory$Customizer@19369f91, org.springframework.boot.test.context.filter.ExcludeFilterContextCustomizer@704776cb, org.springframework.boot.test.json.DuplicateJsonObjectContextCustomizerFactory$DuplicateJsonObjectContextCustomizer@5a739351, org.springframework.boot.test.mock.mockito.MockitoContextCustomizer@0, org.springframework.boot.test.web.client.TestRestTemplateContextCustomizer@78d5e32a, org.springframework.boot.test.context.SpringBootTestArgs@1, org.springframework.boot.test.context.SpringBootTestWebEnvironment@45192ce3], resourceBasePath = 'src/main/webapp', contextLoader = 'org.springframework.boot.test.context.SpringBootContextLoader', parent = [null]], attributes = map['org.springframework.test.context.web.ServletTestExecutionListener.activateListener' -> false]], class annotated with @DirtiesContext [false] with mode [null].
11:26:44.076 [Test worker] DEBUG org.springframework.test.context.support.DependencyInjectionTestExecutionListener - Performing dependency injection for test context [[DefaultTestContext@21f3b204 testClass = PostsApiControllerTest, testInstance = com.kbstar.springboot.study.web.PostsApiControllerTest@7a1a9d2c, testMethod = [null], testException = [null], mergedContextConfiguration = [WebMergedContextConfiguration@1fb3d0cd testClass = PostsApiControllerTest, locations = '{}', classes = '{class com.kbstar.springboot.study.Application}', contextInitializerClasses = '[]', activeProfiles = '{}', propertySourceLocations = '{}', propertySourceProperties = '{org.springframework.boot.test.context.SpringBootTestContextBootstrapper=true, server.port=0}', contextCustomizers = set[org.springframework.boot.test.autoconfigure.actuate.metrics.MetricsExportContextCustomizerFactory$DisableMetricExportContextCustomizer@38fabdfb, org.springframework.boot.test.autoconfigure.properties.PropertyMappingContextCustomizer@0, org.springframework.boot.test.autoconfigure.web.servlet.WebDriverContextCustomizerFactory$Customizer@19369f91, org.springframework.boot.test.context.filter.ExcludeFilterContextCustomizer@704776cb, org.springframework.boot.test.json.DuplicateJsonObjectContextCustomizerFactory$DuplicateJsonObjectContextCustomizer@5a739351, org.springframework.boot.test.mock.mockito.MockitoContextCustomizer@0, org.springframework.boot.test.web.client.TestRestTemplateContextCustomizer@78d5e32a, org.springframework.boot.test.context.SpringBootTestArgs@1, org.springframework.boot.test.context.SpringBootTestWebEnvironment@45192ce3], resourceBasePath = 'src/main/webapp', contextLoader = 'org.springframework.boot.test.context.SpringBootContextLoader', parent = [null]], attributes = map['org.springframework.test.context.web.ServletTestExecutionListener.activateListener' -> false]]].
11:26:44.091 [Test worker] DEBUG org.springframework.test.context.support.TestPropertySourceUtils - Adding inlined properties to environment: {spring.jmx.enabled=false, org.springframework.boot.test.context.SpringBootTestContextBootstrapper=true, server.port=0}

  .   ____          _            __ _ _
 /\\ / ___'_ __ _ _(_)_ __  __ _ \ \ \ \
( ( )\___ | '_ | '_| | '_ \/ _` | \ \ \ \
 \\/  ___)| |_)| | | | | || (_| |  ) ) ) )
  '  |____| .__|_| |_|_| |_\__, | / / / /
 =========|_|==============|___/=/_/_/_/
 :: Spring Boot ::                (v2.4.1)

2022-04-22 11:26:44.278  INFO 9312 --- [    Test worker] c.k.s.study.web.PostsApiControllerTest   : Starting PostsApiControllerTest using Java 1.8.0_322 on M506INS with PID 9312 (started by student in C:\Users\student\IdeaProjects\ｓｔｕｄｙ)
2022-04-22 11:26:44.280  INFO 9312 --- [    Test worker] c.k.s.study.web.PostsApiControllerTest   : No active profile set, falling back to default profiles: default
2022-04-22 11:26:44.670  INFO 9312 --- [    Test worker] .s.d.r.c.RepositoryConfigurationDelegate : Bootstrapping Spring Data JPA repositories in DEFAULT mode.
2022-04-22 11:26:44.717  INFO 9312 --- [    Test worker] .s.d.r.c.RepositoryConfigurationDelegate : Finished Spring Data repository scanning in 39 ms. Found 1 JPA repository interfaces.
2022-04-22 11:26:45.245  INFO 9312 --- [    Test worker] o.s.b.w.embedded.tomcat.TomcatWebServer  : Tomcat initialized with port(s): 0 (http)
2022-04-22 11:26:45.255  INFO 9312 --- [    Test worker] o.apache.catalina.core.StandardService   : Starting service [Tomcat]
2022-04-22 11:26:45.255  INFO 9312 --- [    Test worker] org.apache.catalina.core.StandardEngine  : Starting Servlet engine: [Apache Tomcat/9.0.41]
2022-04-22 11:26:45.315  INFO 9312 --- [    Test worker] o.a.c.c.C.[Tomcat].[localhost].[/]       : Initializing Spring embedded WebApplicationContext
2022-04-22 11:26:45.315  INFO 9312 --- [    Test worker] w.s.c.ServletWebServerApplicationContext : Root WebApplicationContext: initialization completed in 1022 ms
2022-04-22 11:26:45.472  INFO 9312 --- [    Test worker] com.zaxxer.hikari.HikariDataSource       : HikariPool-1 - Starting...
2022-04-22 11:26:45.596  INFO 9312 --- [    Test worker] com.zaxxer.hikari.HikariDataSource       : HikariPool-1 - Start completed.
2022-04-22 11:26:45.642  INFO 9312 --- [    Test worker] o.hibernate.jpa.internal.util.LogHelper  : HHH000204: Processing PersistenceUnitInfo [name: default]
2022-04-22 11:26:45.681  INFO 9312 --- [    Test worker] org.hibernate.Version                    : HHH000412: Hibernate ORM core version 5.4.25.Final
2022-04-22 11:26:45.795  INFO 9312 --- [    Test worker] o.hibernate.annotations.common.Version   : HCANN000001: Hibernate Commons Annotations {5.1.2.Final}
2022-04-22 11:26:45.883  INFO 9312 --- [    Test worker] org.hibernate.dialect.Dialect            : HHH000400: Using dialect: org.hibernate.dialect.MySQL57Dialect
Hibernate: drop table if exists posts
Hibernate: create table posts (id bigint not null auto_increment, author varchar(255), content TEXT not null, title varchar(500) not null, primary key (id)) engine=InnoDB
2022-04-22 11:26:46.293  INFO 9312 --- [    Test worker] o.h.e.t.j.p.i.JtaPlatformInitiator       : HHH000490: Using JtaPlatform implementation: [org.hibernate.engine.transaction.jta.platform.internal.NoJtaPlatform]
2022-04-22 11:26:46.299  INFO 9312 --- [    Test worker] j.LocalContainerEntityManagerFactoryBean : Initialized JPA EntityManagerFactory for persistence unit 'default'
2022-04-22 11:26:46.545  WARN 9312 --- [    Test worker] JpaBaseConfiguration$JpaWebConfiguration : spring.jpa.open-in-view is enabled by default. Therefore, database queries may be performed during view rendering. Explicitly configure spring.jpa.open-in-view to disable this warning
2022-04-22 11:26:46.683  INFO 9312 --- [    Test worker] o.s.s.concurrent.ThreadPoolTaskExecutor  : Initializing ExecutorService 'applicationTaskExecutor'
2022-04-22 11:26:46.923  WARN 9312 --- [    Test worker] o.s.b.a.m.MustacheAutoConfiguration      : Cannot find template location: classpath:/templates/ (please add some templates, check your Mustache configuration, or set spring.mustache.check-template-location=false)
2022-04-22 11:26:47.043  INFO 9312 --- [    Test worker] o.s.b.w.embedded.tomcat.TomcatWebServer  : Tomcat started on port(s): 50666 (http) with context path ''
2022-04-22 11:26:47.049  INFO 9312 --- [    Test worker] c.k.s.study.web.PostsApiControllerTest   : Started PostsApiControllerTest in 2.957 seconds (JVM running for 3.773)
-------------- dto title = test title
------------------- port : 50666
2022-04-22 11:26:47.193  INFO 9312 --- [o-auto-1-exec-2] o.a.c.c.C.[Tomcat].[localhost].[/]       : Initializing Spring DispatcherServlet 'dispatcherServlet'
2022-04-22 11:26:47.193  INFO 9312 --- [o-auto-1-exec-2] o.s.web.servlet.DispatcherServlet        : Initializing Servlet 'dispatcherServlet'
2022-04-22 11:26:47.194  INFO 9312 --- [o-auto-1-exec-2] o.s.web.servlet.DispatcherServlet        : Completed initialization in 1 ms
-------------- Controller -> Service
requestDto.title = test title
------------------ Post Service
title = test title
content = test content
author = author
Hibernate: insert into posts (author, content, title) values (?, ?, ?)
Hibernate: select posts0_.id as id1_0_, posts0_.author as author2_0_, posts0_.content as content3_0_, posts0_.title as title4_0_ from posts posts0_
Hibernate: select posts0_.id as id1_0_, posts0_.author as author2_0_, posts0_.content as content3_0_, posts0_.title as title4_0_ from posts posts0_
Hibernate: delete from posts where id=?
]]></system-out>
  <system-err><![CDATA[]]></system-err>
</testsuite>
