<?xml version="1.0" encoding="UTF-8"?>
<testsuite name="com.kbstar.springboot.study.domain.posts.PostsRepositoryTest" tests="2" skipped="0" failures="0" errors="0" timestamp="2022-05-02T04:18:33" hostname="M506INS" time="0.175">
  <properties/>
  <testcase name="baseTimeEntityTest()" classname="com.kbstar.springboot.study.domain.posts.PostsRepositoryTest" time="0.168"/>
  <testcase name="saveAndLoad()" classname="com.kbstar.springboot.study.domain.posts.PostsRepositoryTest" time="0.006"/>
  <system-out><![CDATA[2022-05-02 13:18:31.150  INFO 12320 --- [    Test worker] .b.t.c.SpringBootTestContextBootstrapper : Neither @ContextConfiguration nor @ContextHierarchy found for test class [com.kbstar.springboot.study.domain.posts.PostsRepositoryTest], using SpringBootContextLoader
2022-05-02 13:18:31.151  INFO 12320 --- [    Test worker] o.s.t.c.support.AbstractContextLoader    : Could not detect default resource locations for test class [com.kbstar.springboot.study.domain.posts.PostsRepositoryTest]: no resource found for suffixes {-context.xml, Context.groovy}.
2022-05-02 13:18:31.151  INFO 12320 --- [    Test worker] t.c.s.AnnotationConfigContextLoaderUtils : Could not detect default configuration classes for test class [com.kbstar.springboot.study.domain.posts.PostsRepositoryTest]: PostsRepositoryTest does not declare any static, non-private, non-final, nested classes annotated with @Configuration.
2022-05-02 13:18:31.157  INFO 12320 --- [    Test worker] .b.t.c.SpringBootTestContextBootstrapper : Found @SpringBootConfiguration com.kbstar.springboot.study.Application for test class com.kbstar.springboot.study.domain.posts.PostsRepositoryTest
2022-05-02 13:18:31.161  INFO 12320 --- [    Test worker] .b.t.c.SpringBootTestContextBootstrapper : Loaded default TestExecutionListener class names from location [META-INF/spring.factories]: [org.springframework.security.test.context.support.WithSecurityContextTestExecutionListener, org.springframework.security.test.context.support.ReactorContextTestExecutionListener, org.springframework.boot.test.autoconfigure.restdocs.RestDocsTestExecutionListener, org.springframework.boot.test.autoconfigure.web.client.MockRestServiceServerResetTestExecutionListener, org.springframework.boot.test.autoconfigure.web.servlet.MockMvcPrintOnlyOnFailureTestExecutionListener, org.springframework.boot.test.autoconfigure.web.servlet.WebDriverTestExecutionListener, org.springframework.boot.test.autoconfigure.webservices.client.MockWebServiceServerTestExecutionListener, org.springframework.boot.test.mock.mockito.MockitoTestExecutionListener, org.springframework.boot.test.mock.mockito.ResetMocksTestExecutionListener, org.springframework.test.context.web.ServletTestExecutionListener, org.springframework.test.context.support.DirtiesContextBeforeModesTestExecutionListener, org.springframework.test.context.support.DependencyInjectionTestExecutionListener, org.springframework.test.context.support.DirtiesContextTestExecutionListener, org.springframework.test.context.transaction.TransactionalTestExecutionListener, org.springframework.test.context.jdbc.SqlScriptsTestExecutionListener, org.springframework.test.context.event.EventPublishingTestExecutionListener]
2022-05-02 13:18:31.162  INFO 12320 --- [    Test worker] .b.t.c.SpringBootTestContextBootstrapper : Using TestExecutionListeners: [org.springframework.test.context.web.ServletTestExecutionListener@12b46726, org.springframework.test.context.support.DirtiesContextBeforeModesTestExecutionListener@5b5211a, org.springframework.boot.test.mock.mockito.MockitoTestExecutionListener@78a5f592, org.springframework.boot.test.autoconfigure.SpringBootDependencyInjectionTestExecutionListener@4375a57c, org.springframework.test.context.support.DirtiesContextTestExecutionListener@72496763, org.springframework.test.context.transaction.TransactionalTestExecutionListener@5e5825c1, org.springframework.test.context.jdbc.SqlScriptsTestExecutionListener@90652fd, org.springframework.security.test.context.support.WithSecurityContextTestExecutionListener@673658e4, org.springframework.test.context.event.EventPublishingTestExecutionListener@5e7d491e, org.springframework.security.test.context.support.ReactorContextTestExecutionListener@4114093d, org.springframework.boot.test.autoconfigure.restdocs.RestDocsTestExecutionListener@7a3e3a58, org.springframework.boot.test.autoconfigure.web.client.MockRestServiceServerResetTestExecutionListener@2f9abc83, org.springframework.boot.test.autoconfigure.web.servlet.MockMvcPrintOnlyOnFailureTestExecutionListener@1b9b35d7, org.springframework.boot.test.autoconfigure.web.servlet.WebDriverTestExecutionListener@7aa78a78, org.springframework.boot.test.autoconfigure.webservices.client.MockWebServiceServerTestExecutionListener@71c0938e, org.springframework.boot.test.mock.mockito.ResetMocksTestExecutionListener@b445791]

  .   ____          _            __ _ _
 /\\ / ___'_ __ _ _(_)_ __  __ _ \ \ \ \
( ( )\___ | '_ | '_| | '_ \/ _` | \ \ \ \
 \\/  ___)| |_)| | | | | || (_| |  ) ) ) )
  '  |____| .__|_| |_|_| |_\__, | / / / /
 =========|_|==============|___/=/_/_/_/
 :: Spring Boot ::                (v2.4.1)

2022-05-02 13:18:31.174  INFO 12320 --- [    Test worker] c.k.s.s.d.posts.PostsRepositoryTest      : Starting PostsRepositoryTest using Java 1.8.0_322 on M506INS with PID 12320 (started by student in C:\Users\student\IdeaProjects\ｓｔｕｄｙ)
2022-05-02 13:18:31.174  INFO 12320 --- [    Test worker] c.k.s.s.d.posts.PostsRepositoryTest      : The following profiles are active: oauth
2022-05-02 13:18:31.365  INFO 12320 --- [    Test worker] .s.d.r.c.RepositoryConfigurationDelegate : Bootstrapping Spring Data JPA repositories in DEFAULT mode.
2022-05-02 13:18:31.402  INFO 12320 --- [    Test worker] .s.d.r.c.RepositoryConfigurationDelegate : Finished Spring Data repository scanning in 32 ms. Found 2 JPA repository interfaces.
2022-05-02 13:18:31.707  INFO 12320 --- [    Test worker] com.zaxxer.hikari.HikariDataSource       : HikariPool-1 - Starting...
2022-05-02 13:18:31.835  INFO 12320 --- [    Test worker] com.zaxxer.hikari.HikariDataSource       : HikariPool-1 - Start completed.
2022-05-02 13:18:31.883  INFO 12320 --- [    Test worker] o.hibernate.jpa.internal.util.LogHelper  : HHH000204: Processing PersistenceUnitInfo [name: default]
2022-05-02 13:18:31.924  INFO 12320 --- [    Test worker] org.hibernate.Version                    : HHH000412: Hibernate ORM core version 5.4.25.Final
2022-05-02 13:18:32.035  INFO 12320 --- [    Test worker] o.hibernate.annotations.common.Version   : HCANN000001: Hibernate Commons Annotations {5.1.2.Final}
2022-05-02 13:18:32.124  INFO 12320 --- [    Test worker] org.hibernate.dialect.Dialect            : HHH000400: Using dialect: org.hibernate.dialect.MySQL57Dialect
Hibernate: drop table if exists posts
Hibernate: drop table if exists user
Hibernate: create table posts (id bigint not null auto_increment, create_date varchar(255), modified_date varchar(255), author varchar(100) not null, content TEXT not null, rec integer default 0 not null, title varchar(500) not null, view integer default 0 not null, primary key (id)) engine=InnoDB
Hibernate: create table user (id bigint not null auto_increment, create_date varchar(255), modified_date varchar(255), email varchar(255) not null, name varchar(255) not null, picture varchar(255) not null, role varchar(255) not null, primary key (id)) engine=InnoDB
2022-05-02 13:18:32.584  INFO 12320 --- [    Test worker] o.h.e.t.j.p.i.JtaPlatformInitiator       : HHH000490: Using JtaPlatform implementation: [org.hibernate.engine.transaction.jta.platform.internal.NoJtaPlatform]
2022-05-02 13:18:32.590  INFO 12320 --- [    Test worker] j.LocalContainerEntityManagerFactoryBean : Initialized JPA EntityManagerFactory for persistence unit 'default'
2022-05-02 13:18:32.931  WARN 12320 --- [    Test worker] JpaBaseConfiguration$JpaWebConfiguration : spring.jpa.open-in-view is enabled by default. Therefore, database queries may be performed during view rendering. Explicitly configure spring.jpa.open-in-view to disable this warning
2022-05-02 13:18:33.355  INFO 12320 --- [    Test worker] o.s.s.web.DefaultSecurityFilterChain     : Will secure any request with [org.springframework.security.web.context.request.async.WebAsyncManagerIntegrationFilter@42f5aecd, org.springframework.security.web.context.SecurityContextPersistenceFilter@232dcfc7, org.springframework.security.web.header.HeaderWriterFilter@20dc68c5, org.springframework.security.web.authentication.logout.LogoutFilter@2924b861, org.springframework.security.oauth2.client.web.OAuth2AuthorizationRequestRedirectFilter@4adaeac6, org.springframework.security.oauth2.client.web.OAuth2LoginAuthenticationFilter@3442cead, org.springframework.security.web.authentication.ui.DefaultLoginPageGeneratingFilter@70b8dc66, org.springframework.security.web.authentication.ui.DefaultLogoutPageGeneratingFilter@2b05d430, org.springframework.security.web.savedrequest.RequestCacheAwareFilter@7d906c3e, org.springframework.security.web.servletapi.SecurityContextHolderAwareRequestFilter@7da334f0, org.springframework.security.web.authentication.AnonymousAuthenticationFilter@4ac7a6c7, org.springframework.security.web.session.SessionManagementFilter@3f819b69, org.springframework.security.web.access.ExceptionTranslationFilter@407548de, org.springframework.security.web.access.intercept.FilterSecurityInterceptor@24c25564]
2022-05-02 13:18:33.626  INFO 12320 --- [    Test worker] o.s.s.concurrent.ThreadPoolTaskExecutor  : Initializing ExecutorService 'applicationTaskExecutor'
2022-05-02 13:18:33.665  INFO 12320 --- [    Test worker] o.s.b.a.h2.H2ConsoleAutoConfiguration    : H2 console available at '/h2-console'. Database available at 'jdbc:h2:mem:testdb'
2022-05-02 13:18:33.707  INFO 12320 --- [    Test worker] o.s.b.a.w.s.WelcomePageHandlerMapping    : Adding welcome page template: index
2022-05-02 13:18:33.965  INFO 12320 --- [    Test worker] s.a.ScheduledAnnotationBeanPostProcessor : No TaskScheduler/ScheduledExecutorService bean found for scheduled processing
2022-05-02 13:18:33.971  INFO 12320 --- [    Test worker] c.k.s.s.d.posts.PostsRepositoryTest      : Started PostsRepositoryTest in 2.808 seconds (JVM running for 4.775)
Hibernate: insert into posts (create_date, modified_date, author, content, rec, title, view) values (?, ?, ?, ?, ?, ?, ?)
Hibernate: select posts0_.id as id1_0_, posts0_.create_date as create_d2_0_, posts0_.modified_date as modified3_0_, posts0_.author as author4_0_, posts0_.content as content5_0_, posts0_.rec as rec6_0_, posts0_.title as title7_0_, posts0_.view as view8_0_ from posts posts0_
-------------------- createDate : 2022-05-02 13:18
-------------------- modifiedDate : 2022-05-02 13:18
Hibernate: select posts0_.id as id1_0_, posts0_.create_date as create_d2_0_, posts0_.modified_date as modified3_0_, posts0_.author as author4_0_, posts0_.content as content5_0_, posts0_.rec as rec6_0_, posts0_.title as title7_0_, posts0_.view as view8_0_ from posts posts0_
Hibernate: delete from posts where id=?
Hibernate: insert into posts (create_date, modified_date, author, content, rec, title, view) values (?, ?, ?, ?, ?, ?, ?)
Hibernate: select posts0_.id as id1_0_, posts0_.create_date as create_d2_0_, posts0_.modified_date as modified3_0_, posts0_.author as author4_0_, posts0_.content as content5_0_, posts0_.rec as rec6_0_, posts0_.title as title7_0_, posts0_.view as view8_0_ from posts posts0_
-------------------------- title = 테스트 제목
Hibernate: select posts0_.id as id1_0_, posts0_.create_date as create_d2_0_, posts0_.modified_date as modified3_0_, posts0_.author as author4_0_, posts0_.content as content5_0_, posts0_.rec as rec6_0_, posts0_.title as title7_0_, posts0_.view as view8_0_ from posts posts0_
Hibernate: delete from posts where id=?
]]></system-out>
  <system-err><![CDATA[]]></system-err>
</testsuite>
